Using pre-set license
Built from '2020.3/staging' branch; Version is '2020.3.8f1 (507919d4fff5) revision 5273881'; Using compiler version '192528614'; Build Type 'Release'
OS: 'Windows 10 Pro; OS build 19041.985; Version 2004; 64bit' Language: 'ko' Physical Memory: 16233 MB
BatchMode: 1, IsHumanControllingUs: 0, StartBugReporterOnCrash: 0, Is64bit: 1, IsPro: 0

 COMMAND LINE ARGUMENTS:
C:\Program Files\Unity\Hub\Editor\2020.3.8f1\Editor\Unity.exe
-adb2
-batchMode
-noUpm
-name
AssetImportWorker0
-projectPath
C:/Users/ROG/Documents/Unity/SingletonExample
-logFile
Logs/AssetImportWorker0.log
-srvPort
61770
Successfully changed project path to: C:/Users/ROG/Documents/Unity/SingletonExample
C:/Users/ROG/Documents/Unity/SingletonExample
Using Asset Import Pipeline V2.
Refreshing native plugins compatible for Editor in 22.33 ms, found 0 plugins.
Preloading 0 native plugins for Editor in 0.00 ms.
Initialize engine version: 2020.3.8f1 (507919d4fff5)
[Subsystems] Discovering subsystems at path C:/Program Files/Unity/Hub/Editor/2020.3.8f1/Editor/Data/Resources/UnitySubsystems
[Subsystems] Discovering subsystems at path C:/Users/ROG/Documents/Unity/SingletonExample/Assets
GfxDevice: creating device client; threaded=0
Direct3D:
    Version:  Direct3D 11.0 [level 11.1]
    Renderer: NVIDIA GeForce RTX 2060 (ID=0x1f11)
    Vendor:   
    VRAM:     5980 MB
    Driver:   27.21.14.6079
Initialize mono
Mono path[0] = 'C:/Program Files/Unity/Hub/Editor/2020.3.8f1/Editor/Data/Managed'
Mono path[1] = 'C:/Program Files/Unity/Hub/Editor/2020.3.8f1/Editor/Data/MonoBleedingEdge/lib/mono/unityjit'
Mono config path = 'C:/Program Files/Unity/Hub/Editor/2020.3.8f1/Editor/Data/MonoBleedingEdge/etc'
Using monoOptions --debugger-agent=transport=dt_socket,embedding=1,server=y,suspend=n,address=127.0.0.1:56232
Begin MonoManager ReloadAssembly
Registering precompiled unity dll's ...
Register platform support module: C:/Program Files/Unity/Hub/Editor/2020.3.8f1/Editor/Data/PlaybackEngines/WindowsStandaloneSupport/UnityEditor.WindowsStandalone.Extensions.dll
Registered in 0.001514 seconds.
Native extension for WindowsStandalone target not found
Refreshing native plugins compatible for Editor in 25.23 ms, found 0 plugins.
Preloading 0 native plugins for Editor in 0.00 ms.
Mono: successfully reloaded assembly
- Completed reload, in  1.786 seconds
Platform modules already initialized, skipping
Registering precompiled user dll's ...
Registered in 0.000571 seconds.
Begin MonoManager ReloadAssembly
Native extension for WindowsStandalone target not found
Refreshing native plugins compatible for Editor in 0.19 ms, found 0 plugins.
Preloading 0 native plugins for Editor in 0.00 ms.
Mono: successfully reloaded assembly
- Completed reload, in  0.856 seconds
Platform modules already initialized, skipping
========================================================================
Worker process is ready to serve import requests
Launched and connected shader compiler UnityShaderCompiler.exe after 0.04 seconds
Refreshing native plugins compatible for Editor in 0.19 ms, found 0 plugins.
Preloading 0 native plugins for Editor in 0.00 ms.
Unloading 1115 Unused Serialized files (Serialized files now loaded: 0)
System memory in use before: 57.1 MB.
System memory in use after: 57.2 MB.

Unloading 10 unused Assets to reduce memory usage. Loaded Objects now: 1557.
Total: 1.739400 ms (FindLiveObjects: 0.123500 ms CreateObjectMapping: 0.033400 ms MarkObjects: 1.498100 ms  DeleteObjects: 0.083100 ms)

========================================================================
Received Import Request.
  path: Assets
  artifactKey: Guid(00000000000000001000000000000000) Importer(815301076,1909f56bfc062723c751e8b465ee728b)
Start importing Assets using Guid(00000000000000001000000000000000) Importer(815301076,1909f56bfc062723c751e8b465ee728b)  -> (artifact id: '42d402b061de3733987d63b9cc3b64de') in 0.007968 seconds
  Import took 0.010123 seconds .

========================================================================
Received Import Request.
  Time since last request: 1.058385 seconds.
  path: Assets/Script
  artifactKey: Guid(f2359446839efc741b3ee295e05a2846) Importer(815301076,1909f56bfc062723c751e8b465ee728b)
Start importing Assets/Script using Guid(f2359446839efc741b3ee295e05a2846) Importer(815301076,1909f56bfc062723c751e8b465ee728b)  -> (artifact id: 'bbb8fee5edda851d6fd88a06c09047f0') in 0.010352 seconds
  Import took 0.013143 seconds .

========================================================================
Received Import Request.
  Time since last request: 8.059538 seconds.
  path: Assets/Scripts
  artifactKey: Guid(f2359446839efc741b3ee295e05a2846) Importer(815301076,1909f56bfc062723c751e8b465ee728b)
Start importing Assets/Scripts using Guid(f2359446839efc741b3ee295e05a2846) Importer(815301076,1909f56bfc062723c751e8b465ee728b)  -> (artifact id: '0c804a59cdfacfbff820a390d6ae5f8c') in 0.008128 seconds
  Import took 0.009863 seconds .

========================================================================
Received Import Request.
  Time since last request: 199.812077 seconds.
  path: Assets/Scripts/SingletonBasic.cs
  artifactKey: Guid(357651165892a864f8fc78bb8d749f1e) Importer(815301076,1909f56bfc062723c751e8b465ee728b)
Start importing Assets/Scripts/SingletonBasic.cs using Guid(357651165892a864f8fc78bb8d749f1e) Importer(815301076,1909f56bfc062723c751e8b465ee728b)  -> (artifact id: 'f9d59fd6ad1bc7c2cfbf416ddf171ba7') in 0.021893 seconds
  Import took 0.023782 seconds .

========================================================================
Received Import Request.
  Time since last request: 0.188181 seconds.
  path: Assets/Scripts/SingletonBasic.cs
  artifactKey: Guid(357651165892a864f8fc78bb8d749f1e) Importer(815301076,1909f56bfc062723c751e8b465ee728b)
Start importing Assets/Scripts/SingletonBasic.cs using Guid(357651165892a864f8fc78bb8d749f1e) Importer(815301076,1909f56bfc062723c751e8b465ee728b)  -> (artifact id: 'f9d59fd6ad1bc7c2cfbf416ddf171ba7') in 0.003619 seconds
  Import took 0.005492 seconds .

========================================================================
Received Prepare
Registering precompiled user dll's ...
Registered in 0.000573 seconds.
Begin MonoManager ReloadAssembly
Native extension for WindowsStandalone target not found
Refreshing native plugins compatible for Editor in 0.28 ms, found 0 plugins.
Preloading 0 native plugins for Editor in 0.00 ms.
Mono: successfully reloaded assembly
- Completed reload, in  0.791 seconds
Platform modules already initialized, skipping
Refreshing native plugins compatible for Editor in 0.96 ms, found 0 plugins.
Preloading 0 native plugins for Editor in 0.00 ms.
Unloading 1111 Unused Serialized files (Serialized files now loaded: 0)
System memory in use before: 57.1 MB.
System memory in use after: 57.2 MB.

Unloading 5 unused Assets to reduce memory usage. Loaded Objects now: 1561.
Total: 1.739900 ms (FindLiveObjects: 0.146400 ms CreateObjectMapping: 0.035500 ms MarkObjects: 1.505000 ms  DeleteObjects: 0.051800 ms)

========================================================================
Received Prepare
Registering precompiled user dll's ...
Registered in 0.000525 seconds.
Begin MonoManager ReloadAssembly
Native extension for WindowsStandalone target not found
Refreshing native plugins compatible for Editor in 0.20 ms, found 0 plugins.
Preloading 0 native plugins for Editor in 0.00 ms.
Mono: successfully reloaded assembly
- Completed reload, in  0.778 seconds
Platform modules already initialized, skipping
Refreshing native plugins compatible for Editor in 0.19 ms, found 0 plugins.
Preloading 0 native plugins for Editor in 0.00 ms.
Unloading 1111 Unused Serialized files (Serialized files now loaded: 0)
System memory in use before: 57.1 MB.
System memory in use after: 57.2 MB.

Unloading 5 unused Assets to reduce memory usage. Loaded Objects now: 1564.
Total: 2.164700 ms (FindLiveObjects: 0.164300 ms CreateObjectMapping: 0.045200 ms MarkObjects: 1.899100 ms  DeleteObjects: 0.055000 ms)

========================================================================
Received Import Request.
  Time since last request: 242.230381 seconds.
  path: Assets/Scripts/SIngletonTwo.cs
  artifactKey: Guid(d2efd9736a7fa4346a5d4130af7dbbc1) Importer(815301076,1909f56bfc062723c751e8b465ee728b)
Start importing Assets/Scripts/SIngletonTwo.cs using Guid(d2efd9736a7fa4346a5d4130af7dbbc1) Importer(815301076,1909f56bfc062723c751e8b465ee728b)  -> (artifact id: '2e4d2f3e30efa10575aaa15fd3d68377') in 0.012797 seconds
  Import took 0.014870 seconds .

========================================================================
Received Prepare
Registering precompiled user dll's ...
Registered in 0.000531 seconds.
Begin MonoManager ReloadAssembly
Native extension for WindowsStandalone target not found
Refreshing native plugins compatible for Editor in 0.21 ms, found 0 plugins.
Preloading 0 native plugins for Editor in 0.00 ms.
Mono: successfully reloaded assembly
- Completed reload, in  0.757 seconds
Platform modules already initialized, skipping
Refreshing native plugins compatible for Editor in 0.20 ms, found 0 plugins.
Preloading 0 native plugins for Editor in 0.00 ms.
Unloading 1112 Unused Serialized files (Serialized files now loaded: 0)
System memory in use before: 57.1 MB.
System memory in use after: 57.2 MB.

Unloading 5 unused Assets to reduce memory usage. Loaded Objects now: 1568.
Total: 1.644200 ms (FindLiveObjects: 0.127700 ms CreateObjectMapping: 0.040600 ms MarkObjects: 1.429800 ms  DeleteObjects: 0.045100 ms)

========================================================================
Received Prepare
Registering precompiled user dll's ...
Registered in 0.000540 seconds.
Begin MonoManager ReloadAssembly
Native extension for WindowsStandalone target not found
Refreshing native plugins compatible for Editor in 0.24 ms, found 0 plugins.
Preloading 0 native plugins for Editor in 0.00 ms.
Mono: successfully reloaded assembly
- Completed reload, in  0.780 seconds
Platform modules already initialized, skipping
Refreshing native plugins compatible for Editor in 0.19 ms, found 0 plugins.
Preloading 0 native plugins for Editor in 0.00 ms.
Unloading 1112 Unused Serialized files (Serialized files now loaded: 0)
System memory in use before: 57.2 MB.
System memory in use after: 57.2 MB.

Unloading 5 unused Assets to reduce memory usage. Loaded Objects now: 1571.
Total: 1.591900 ms (FindLiveObjects: 0.138000 ms CreateObjectMapping: 0.028000 ms MarkObjects: 1.377200 ms  DeleteObjects: 0.047700 ms)

========================================================================
Received Import Request.
  Time since last request: 275.519393 seconds.
  path: Assets/Scripts/SIngletonTwo.cs
  artifactKey: Guid(d2efd9736a7fa4346a5d4130af7dbbc1) Importer(815301076,1909f56bfc062723c751e8b465ee728b)
Start importing Assets/Scripts/SIngletonTwo.cs using Guid(d2efd9736a7fa4346a5d4130af7dbbc1) Importer(815301076,1909f56bfc062723c751e8b465ee728b)  -> (artifact id: '061eebcd6db5885403e170c337153698') in 0.003351 seconds
  Import took 0.005243 seconds .

========================================================================
Received Import Request.
  Time since last request: 5.488841 seconds.
  path: Assets/Scripts/SingletonThree.cs
  artifactKey: Guid(e2969e2fd4bb03b4bb15f366575eb4dc) Importer(815301076,1909f56bfc062723c751e8b465ee728b)
Start importing Assets/Scripts/SingletonThree.cs using Guid(e2969e2fd4bb03b4bb15f366575eb4dc) Importer(815301076,1909f56bfc062723c751e8b465ee728b)  -> (artifact id: '29ab35410e163cfdbf351d5cd4283ddb') in 0.007849 seconds
  Import took 0.010280 seconds .

========================================================================
Received Prepare
Registering precompiled user dll's ...
Registered in 0.000572 seconds.
Begin MonoManager ReloadAssembly
Native extension for WindowsStandalone target not found
Refreshing native plugins compatible for Editor in 0.20 ms, found 0 plugins.
Preloading 0 native plugins for Editor in 0.00 ms.
Mono: successfully reloaded assembly
- Completed reload, in  0.907 seconds
Platform modules already initialized, skipping
Refreshing native plugins compatible for Editor in 0.20 ms, found 0 plugins.
Preloading 0 native plugins for Editor in 0.00 ms.
Unloading 1113 Unused Serialized files (Serialized files now loaded: 0)
System memory in use before: 57.2 MB.
System memory in use after: 57.3 MB.

Unloading 5 unused Assets to reduce memory usage. Loaded Objects now: 1575.
Total: 1.745700 ms (FindLiveObjects: 0.109200 ms CreateObjectMapping: 0.029400 ms MarkObjects: 1.479000 ms  DeleteObjects: 0.126600 ms)

========================================================================
Received Prepare
Registering precompiled user dll's ...
Registered in 0.000558 seconds.
Begin MonoManager ReloadAssembly
Native extension for WindowsStandalone target not found
Refreshing native plugins compatible for Editor in 0.19 ms, found 0 plugins.
Preloading 0 native plugins for Editor in 0.00 ms.
Mono: successfully reloaded assembly
- Completed reload, in  0.735 seconds
Platform modules already initialized, skipping
Refreshing native plugins compatible for Editor in 0.19 ms, found 0 plugins.
Preloading 0 native plugins for Editor in 0.00 ms.
Unloading 1113 Unused Serialized files (Serialized files now loaded: 0)
System memory in use before: 57.2 MB.
System memory in use after: 57.3 MB.

Unloading 5 unused Assets to reduce memory usage. Loaded Objects now: 1578.
Total: 1.526600 ms (FindLiveObjects: 0.118100 ms CreateObjectMapping: 0.028000 ms MarkObjects: 1.332200 ms  DeleteObjects: 0.047200 ms)

========================================================================
Received Import Request.
  Time since last request: 1252.320793 seconds.
  path: Assets/Scripts/SingletonThree.cs
  artifactKey: Guid(e2969e2fd4bb03b4bb15f366575eb4dc) Importer(815301076,1909f56bfc062723c751e8b465ee728b)
Start importing Assets/Scripts/SingletonThree.cs using Guid(e2969e2fd4bb03b4bb15f366575eb4dc) Importer(815301076,1909f56bfc062723c751e8b465ee728b)  -> (artifact id: 'e7f88e22eb0067c12445dfe95f60eda6') in 0.003232 seconds
  Import took 0.004785 seconds .

========================================================================
Received Import Request.
  Time since last request: 23.050002 seconds.
  path: Assets/Scripts/MonSingleton.cs
  artifactKey: Guid(79b7ef650fe8f6b4eb3f31be33adb62c) Importer(815301076,1909f56bfc062723c751e8b465ee728b)
Start importing Assets/Scripts/MonSingleton.cs using Guid(79b7ef650fe8f6b4eb3f31be33adb62c) Importer(815301076,1909f56bfc062723c751e8b465ee728b)  -> (artifact id: '33054ec37f31c4a10b60d36d2d6d3ede') in 0.006150 seconds
  Import took 0.008416 seconds .

========================================================================
Received Prepare
Registering precompiled user dll's ...
Registered in 0.000454 seconds.
Begin MonoManager ReloadAssembly
Native extension for WindowsStandalone target not found
Refreshing native plugins compatible for Editor in 0.19 ms, found 0 plugins.
Preloading 0 native plugins for Editor in 0.00 ms.
Mono: successfully reloaded assembly
- Completed reload, in  0.698 seconds
Platform modules already initialized, skipping
Refreshing native plugins compatible for Editor in 0.19 ms, found 0 plugins.
Preloading 0 native plugins for Editor in 0.00 ms.
Unloading 1114 Unused Serialized files (Serialized files now loaded: 0)
System memory in use before: 57.2 MB.
System memory in use after: 57.3 MB.

Unloading 5 unused Assets to reduce memory usage. Loaded Objects now: 1582.
Total: 1.615200 ms (FindLiveObjects: 0.135400 ms CreateObjectMapping: 0.034100 ms MarkObjects: 1.400000 ms  DeleteObjects: 0.044700 ms)

========================================================================
Received Prepare
Registering precompiled user dll's ...
Registered in 0.000588 seconds.
Begin MonoManager ReloadAssembly
Native extension for WindowsStandalone target not found
Refreshing native plugins compatible for Editor in 0.18 ms, found 0 plugins.
Preloading 0 native plugins for Editor in 0.00 ms.
Mono: successfully reloaded assembly
- Completed reload, in  0.703 seconds
Platform modules already initialized, skipping
Refreshing native plugins compatible for Editor in 0.18 ms, found 0 plugins.
Preloading 0 native plugins for Editor in 0.00 ms.
Unloading 1114 Unused Serialized files (Serialized files now loaded: 0)
System memory in use before: 57.2 MB.
System memory in use after: 57.3 MB.

Unloading 5 unused Assets to reduce memory usage. Loaded Objects now: 1585.
Total: 1.586100 ms (FindLiveObjects: 0.115700 ms CreateObjectMapping: 0.027700 ms MarkObjects: 1.395500 ms  DeleteObjects: 0.046400 ms)

========================================================================
Received Import Request.
  Time since last request: 306.795554 seconds.
  path: Assets/Scripts/MonSingleton.cs
  artifactKey: Guid(79b7ef650fe8f6b4eb3f31be33adb62c) Importer(815301076,1909f56bfc062723c751e8b465ee728b)
Start importing Assets/Scripts/MonSingleton.cs using Guid(79b7ef650fe8f6b4eb3f31be33adb62c) Importer(815301076,1909f56bfc062723c751e8b465ee728b)  -> (artifact id: '2334b19e39615cf814ec24d75a8c0953') in 0.003237 seconds
  Import took 0.004790 seconds .

========================================================================
Received Import Request.
  Time since last request: 7.299531 seconds.
  path: Assets/Scripts/LevelManager.cs
  artifactKey: Guid(1612dc0ea3e3b1546a3d7b90ac58f16c) Importer(815301076,1909f56bfc062723c751e8b465ee728b)
Start importing Assets/Scripts/LevelManager.cs using Guid(1612dc0ea3e3b1546a3d7b90ac58f16c) Importer(815301076,1909f56bfc062723c751e8b465ee728b)  -> (artifact id: '24d8cfa20e2c68c5c984623ec40f4426') in 0.007819 seconds
  Import took 0.010015 seconds .

========================================================================
Received Prepare
Registering precompiled user dll's ...
Registered in 0.000525 seconds.
Begin MonoManager ReloadAssembly
Native extension for WindowsStandalone target not found
Refreshing native plugins compatible for Editor in 0.19 ms, found 0 plugins.
Preloading 0 native plugins for Editor in 0.00 ms.
Mono: successfully reloaded assembly
- Completed reload, in  0.706 seconds
Platform modules already initialized, skipping
Refreshing native plugins compatible for Editor in 0.19 ms, found 0 plugins.
Preloading 0 native plugins for Editor in 0.00 ms.
Unloading 1115 Unused Serialized files (Serialized files now loaded: 0)
System memory in use before: 57.2 MB.
System memory in use after: 57.3 MB.

Unloading 5 unused Assets to reduce memory usage. Loaded Objects now: 1589.
Total: 1.465700 ms (FindLiveObjects: 0.105600 ms CreateObjectMapping: 0.028400 ms MarkObjects: 1.286500 ms  DeleteObjects: 0.044300 ms)

========================================================================
Received Prepare
Registering precompiled user dll's ...
Registered in 0.000875 seconds.
Begin MonoManager ReloadAssembly
Native extension for WindowsStandalone target not found
Refreshing native plugins compatible for Editor in 0.23 ms, found 0 plugins.
Preloading 0 native plugins for Editor in 0.00 ms.
Mono: successfully reloaded assembly
- Completed reload, in  0.694 seconds
Platform modules already initialized, skipping
Refreshing native plugins compatible for Editor in 0.18 ms, found 0 plugins.
Preloading 0 native plugins for Editor in 0.00 ms.
Unloading 1115 Unused Serialized files (Serialized files now loaded: 0)
System memory in use before: 57.3 MB.
System memory in use after: 57.3 MB.

Unloading 5 unused Assets to reduce memory usage. Loaded Objects now: 1592.
Total: 1.572500 ms (FindLiveObjects: 0.128900 ms CreateObjectMapping: 0.026600 ms MarkObjects: 1.373100 ms  DeleteObjects: 0.043100 ms)

AssetImportWorkerClient::OnTransportError - code=2 error=End of file
