Using pre-set license
Built from '2020.3/release' branch; Version is '2020.3.1f1 (77a89f25062f) revision 7841951'; Using compiler version '192528614'; Build Type 'Release'
OS: 'Windows 10 Home; OS build 19042.985; Version 2009; 64bit' Language: 'ko' Physical Memory: 16303 MB
BatchMode: 1, IsHumanControllingUs: 0, StartBugReporterOnCrash: 0, Is64bit: 1, IsPro: 0

 COMMAND LINE ARGUMENTS:
C:\Program Files\Unity\Hub\Editor\2020.3.1f1\Editor\Unity.exe
-adb2
-batchMode
-noUpm
-name
AssetImportWorker0
-projectPath
D:/unityworkspace/singtonExample
-logFile
Logs/AssetImportWorker0.log
-srvPort
3398
Successfully changed project path to: D:/unityworkspace/singtonExample
D:/unityworkspace/singtonExample
Using Asset Import Pipeline V2.
Refreshing native plugins compatible for Editor in 37.09 ms, found 1 plugins.
Preloading 0 native plugins for Editor in 0.00 ms.
Initialize engine version: 2020.3.1f1 (77a89f25062f)
[Subsystems] Discovering subsystems at path C:/Program Files/Unity/Hub/Editor/2020.3.1f1/Editor/Data/Resources/UnitySubsystems
[Subsystems] Discovering subsystems at path D:/unityworkspace/singtonExample/Assets
GfxDevice: creating device client; threaded=0
Direct3D:
    Version:  Direct3D 11.0 [level 11.1]
    Renderer: NVIDIA GeForce RTX 2060 (ID=0x1f51)
    Vendor:   
    VRAM:     5980 MB
    Driver:   26.21.14.3162
Initialize mono
Mono path[0] = 'C:/Program Files/Unity/Hub/Editor/2020.3.1f1/Editor/Data/Managed'
Mono path[1] = 'C:/Program Files/Unity/Hub/Editor/2020.3.1f1/Editor/Data/MonoBleedingEdge/lib/mono/unityjit'
Mono config path = 'C:/Program Files/Unity/Hub/Editor/2020.3.1f1/Editor/Data/MonoBleedingEdge/etc'
Using monoOptions --debugger-agent=transport=dt_socket,embedding=1,server=y,suspend=n,address=127.0.0.1:56668
Begin MonoManager ReloadAssembly
Registering precompiled unity dll's ...
Register platform support module: C:/Program Files/Unity/Hub/Editor/2020.3.1f1/Editor/Data/PlaybackEngines/WebGLSupport/UnityEditor.WebGL.Extensions.dll
Register platform support module: C:/Program Files/Unity/Hub/Editor/2020.3.1f1/Editor/Data/PlaybackEngines/WindowsStandaloneSupport/UnityEditor.WindowsStandalone.Extensions.dll
Registered in 0.004312 seconds.
Native extension for WindowsStandalone target not found
Native extension for WebGL target not found
Refreshing native plugins compatible for Editor in 34.05 ms, found 1 plugins.
Preloading 0 native plugins for Editor in 0.00 ms.
Invoked RoslynAnalysisRunner static constructor.
RoslynAnalysisRunner will not be running.
RoslynAnalysisRunner has terminated.
Mono: successfully reloaded assembly
- Completed reload, in  2.993 seconds
Platform modules already initialized, skipping
Registering precompiled user dll's ...
Registered in 0.000994 seconds.
Begin MonoManager ReloadAssembly
Native extension for WindowsStandalone target not found
Native extension for WebGL target not found
Refreshing native plugins compatible for Editor in 34.50 ms, found 1 plugins.
Preloading 0 native plugins for Editor in 0.00 ms.
Invoked RoslynAnalysisRunner static constructor.
RoslynAnalysisRunner will not be running.
RoslynAnalysisRunner has terminated.
Mono: successfully reloaded assembly
- Completed reload, in  0.980 seconds
Platform modules already initialized, skipping
========================================================================
Worker process is ready to serve import requests
Launched and connected shader compiler UnityShaderCompiler.exe after 0.06 seconds
Refreshing native plugins compatible for Editor in 0.49 ms, found 1 plugins.
Preloading 0 native plugins for Editor in 0.00 ms.
Unloading 1806 Unused Serialized files (Serialized files now loaded: 0)
System memory in use before: 87.1 MB.
System memory in use after: 87.1 MB.

Unloading 24 unused Assets to reduce memory usage. Loaded Objects now: 2248.
Total: 2.179300 ms (FindLiveObjects: 0.287500 ms CreateObjectMapping: 0.127000 ms MarkObjects: 1.649800 ms  DeleteObjects: 0.114200 ms)

========================================================================
Received Import Request.
  path: Assets
  artifactKey: Guid(00000000000000001000000000000000) Importer(815301076,1909f56bfc062723c751e8b465ee728b)
Start importing Assets using Guid(00000000000000001000000000000000) Importer(815301076,1909f56bfc062723c751e8b465ee728b)  -> (artifact id: 'a6374019befeac6ce670f13ba9960efb') in 0.007485 seconds
  Import took 0.010055 seconds .

========================================================================
Received Import Request.
  Time since last request: 1.522044 seconds.
  path: Assets/04.Sprites
  artifactKey: Guid(01e4c2feed86b084d9f8c1dbad22fdbe) Importer(815301076,1909f56bfc062723c751e8b465ee728b)
Start importing Assets/04.Sprites using Guid(01e4c2feed86b084d9f8c1dbad22fdbe) Importer(815301076,1909f56bfc062723c751e8b465ee728b)  -> (artifact id: 'bae54288c95925867d36c6b69a36278b') in 0.004457 seconds
  Import took 0.007595 seconds .

========================================================================
Received Import Request.
  Time since last request: 5.144604 seconds.
  path: Assets/01.Scripts
  artifactKey: Guid(37005b2bb4d905b48b5fcf80458e4e94) Importer(815301076,1909f56bfc062723c751e8b465ee728b)
Start importing Assets/01.Scripts using Guid(37005b2bb4d905b48b5fcf80458e4e94) Importer(815301076,1909f56bfc062723c751e8b465ee728b)  -> (artifact id: 'cd1835bcade3ced3983327cee761947d') in 0.005454 seconds
  Import took 0.008971 seconds .

========================================================================
Received Import Request.
  Time since last request: 13.765351 seconds.
  path: Assets/04.Sprites/1.png
  artifactKey: Guid(2f2838bbe433e1248860edf664d4a7f5) Importer(815301076,1909f56bfc062723c751e8b465ee728b)
Start importing Assets/04.Sprites/1.png using Guid(2f2838bbe433e1248860edf664d4a7f5) Importer(815301076,1909f56bfc062723c751e8b465ee728b)  -> (artifact id: '9e00fc6aea3908652ee19bef73544e35') in 0.173824 seconds
  Import took 0.176881 seconds .

========================================================================
Received Import Request.
  Time since last request: 0.000348 seconds.
  path: Assets/04.Sprites/2.png
  artifactKey: Guid(fa226ed3f45114444b5564fcdcf06b97) Importer(815301076,1909f56bfc062723c751e8b465ee728b)
Start importing Assets/04.Sprites/2.png using Guid(fa226ed3f45114444b5564fcdcf06b97) Importer(815301076,1909f56bfc062723c751e8b465ee728b)  -> (artifact id: 'ce713156894b775cbc0bc049be1ae615') in 0.014788 seconds
  Import took 0.018350 seconds .

========================================================================
Received Import Request.
  Time since last request: 0.003906 seconds.
  path: Assets/04.Sprites/2.png
  artifactKey: Guid(fa226ed3f45114444b5564fcdcf06b97) Importer(815301076,1909f56bfc062723c751e8b465ee728b)
Start importing Assets/04.Sprites/2.png using Guid(fa226ed3f45114444b5564fcdcf06b97) Importer(815301076,1909f56bfc062723c751e8b465ee728b)  -> (artifact id: 'ce713156894b775cbc0bc049be1ae615') in 0.014397 seconds
  Import took 0.018237 seconds .

========================================================================
Received Import Request.
  Time since last request: 6.183137 seconds.
  path: Assets/04.Sprites/1.png
  artifactKey: Guid(2f2838bbe433e1248860edf664d4a7f5) Importer(815301076,1909f56bfc062723c751e8b465ee728b)
Start importing Assets/04.Sprites/1.png using Guid(2f2838bbe433e1248860edf664d4a7f5) Importer(815301076,1909f56bfc062723c751e8b465ee728b)  -> (artifact id: '573022b00316ab1eabde8b5c9bc20464') in 0.011709 seconds
  Import took 0.015505 seconds .

========================================================================
Received Import Request.
  Time since last request: 8.815890 seconds.
  path: Assets/04.Sprites/1.png
  artifactKey: Guid(2f2838bbe433e1248860edf664d4a7f5) Importer(815301076,1909f56bfc062723c751e8b465ee728b)
Start importing Assets/04.Sprites/1.png using Guid(2f2838bbe433e1248860edf664d4a7f5) Importer(815301076,1909f56bfc062723c751e8b465ee728b)  -> (artifact id: 'd3099f1c8bd341ae04ab2bfaf90d4534') in 0.026050 seconds
  Import took 0.029965 seconds .

========================================================================
Received Import Request.
  Time since last request: 4.832322 seconds.
  path: Assets/04.Sprites/2.png
  artifactKey: Guid(fa226ed3f45114444b5564fcdcf06b97) Importer(815301076,1909f56bfc062723c751e8b465ee728b)
Start importing Assets/04.Sprites/2.png using Guid(fa226ed3f45114444b5564fcdcf06b97) Importer(815301076,1909f56bfc062723c751e8b465ee728b)  -> (artifact id: 'c333c35349af8e44f080efb8618a48d0') in 0.012019 seconds
  Import took 0.015804 seconds .

========================================================================
Received Import Request.
  Time since last request: 4.373071 seconds.
  path: Assets/04.Sprites/2.png
  artifactKey: Guid(fa226ed3f45114444b5564fcdcf06b97) Importer(815301076,1909f56bfc062723c751e8b465ee728b)
Start importing Assets/04.Sprites/2.png using Guid(fa226ed3f45114444b5564fcdcf06b97) Importer(815301076,1909f56bfc062723c751e8b465ee728b)  -> (artifact id: '302e24c582703b0b9fb8ad19a6584fcd') in 0.024921 seconds
  Import took 0.029728 seconds .

========================================================================
Received Import Request.
  Time since last request: 56.013829 seconds.
  path: Assets/04.Sprites/ball.png
  artifactKey: Guid(823994ce13ba4274cab7b1333ffbf2c1) Importer(815301076,1909f56bfc062723c751e8b465ee728b)
Start importing Assets/04.Sprites/ball.png using Guid(823994ce13ba4274cab7b1333ffbf2c1) Importer(815301076,1909f56bfc062723c751e8b465ee728b)  -> (artifact id: '7c3a1d833bc73daa1fe31ccd79f7c662') in 0.015553 seconds
  Import took 0.019008 seconds .

========================================================================
Received Import Request.
  Time since last request: 44.307095 seconds.
  path: Assets/01.Scripts/TargetScript.cs
  artifactKey: Guid(00807debda08b7b409fcbc96fe808fd7) Importer(815301076,1909f56bfc062723c751e8b465ee728b)
Start importing Assets/01.Scripts/TargetScript.cs using Guid(00807debda08b7b409fcbc96fe808fd7) Importer(815301076,1909f56bfc062723c751e8b465ee728b)  -> (artifact id: '61b5db3a520f5b0faec0a6a8d2e8a202') in 0.027749 seconds
  Import took 0.031687 seconds .

========================================================================
Received Import Request.
  Time since last request: 0.002916 seconds.
  path: Assets/01.Scripts/TargetScript.cs
  artifactKey: Guid(00807debda08b7b409fcbc96fe808fd7) Importer(815301076,1909f56bfc062723c751e8b465ee728b)
Start importing Assets/01.Scripts/TargetScript.cs using Guid(00807debda08b7b409fcbc96fe808fd7) Importer(815301076,1909f56bfc062723c751e8b465ee728b)  -> (artifact id: '61b5db3a520f5b0faec0a6a8d2e8a202') in 0.004864 seconds
  Import took 0.009410 seconds .

========================================================================
Received Prepare
Registering precompiled user dll's ...
Registered in 0.000846 seconds.
Begin MonoManager ReloadAssembly
Native extension for WindowsStandalone target not found
Native extension for WebGL target not found
Refreshing native plugins compatible for Editor in 0.39 ms, found 1 plugins.
Preloading 0 native plugins for Editor in 0.00 ms.
Invoked RoslynAnalysisRunner static constructor.
RoslynAnalysisRunner will not be running.
RoslynAnalysisRunner has terminated.
Mono: successfully reloaded assembly
- Completed reload, in  1.034 seconds
Platform modules already initialized, skipping
Refreshing native plugins compatible for Editor in 0.44 ms, found 1 plugins.
Preloading 0 native plugins for Editor in 0.00 ms.
Unloading 1802 Unused Serialized files (Serialized files now loaded: 0)
System memory in use before: 90.2 MB.
System memory in use after: 90.2 MB.

Unloading 12 unused Assets to reduce memory usage. Loaded Objects now: 2261.
Total: 2.094300 ms (FindLiveObjects: 0.298800 ms CreateObjectMapping: 0.086300 ms MarkObjects: 1.614500 ms  DeleteObjects: 0.093500 ms)

========================================================================
Received Prepare
Registering precompiled user dll's ...
Registered in 0.001268 seconds.
Begin MonoManager ReloadAssembly
Native extension for WindowsStandalone target not found
Native extension for WebGL target not found
Refreshing native plugins compatible for Editor in 0.34 ms, found 1 plugins.
Preloading 0 native plugins for Editor in 0.00 ms.
Invoked RoslynAnalysisRunner static constructor.
RoslynAnalysisRunner will not be running.
RoslynAnalysisRunner has terminated.
Mono: successfully reloaded assembly
- Completed reload, in  0.967 seconds
Platform modules already initialized, skipping
Refreshing native plugins compatible for Editor in 0.31 ms, found 1 plugins.
Preloading 0 native plugins for Editor in 0.00 ms.
Unloading 1802 Unused Serialized files (Serialized files now loaded: 0)
System memory in use before: 90.3 MB.
System memory in use after: 90.3 MB.

Unloading 12 unused Assets to reduce memory usage. Loaded Objects now: 2265.
Total: 2.027700 ms (FindLiveObjects: 0.213200 ms CreateObjectMapping: 0.089500 ms MarkObjects: 1.629400 ms  DeleteObjects: 0.094500 ms)

========================================================================
Received Prepare
Registering precompiled user dll's ...
Registered in 0.000977 seconds.
Begin MonoManager ReloadAssembly
Native extension for WindowsStandalone target not found
Native extension for WebGL target not found
Refreshing native plugins compatible for Editor in 0.57 ms, found 1 plugins.
Preloading 0 native plugins for Editor in 0.00 ms.
Invoked RoslynAnalysisRunner static constructor.
RoslynAnalysisRunner will not be running.
RoslynAnalysisRunner has terminated.
Mono: successfully reloaded assembly
- Completed reload, in  0.895 seconds
Platform modules already initialized, skipping
Refreshing native plugins compatible for Editor in 0.30 ms, found 1 plugins.
Preloading 0 native plugins for Editor in 0.00 ms.
Unloading 1802 Unused Serialized files (Serialized files now loaded: 0)
System memory in use before: 90.3 MB.
System memory in use after: 90.3 MB.

Unloading 12 unused Assets to reduce memory usage. Loaded Objects now: 2269.
Total: 2.407800 ms (FindLiveObjects: 0.200400 ms CreateObjectMapping: 0.064600 ms MarkObjects: 1.934500 ms  DeleteObjects: 0.207100 ms)

========================================================================
Received Prepare
Registering precompiled user dll's ...
Registered in 0.001016 seconds.
Begin MonoManager ReloadAssembly
Native extension for WindowsStandalone target not found
Native extension for WebGL target not found
Refreshing native plugins compatible for Editor in 0.43 ms, found 1 plugins.
Preloading 0 native plugins for Editor in 0.00 ms.
Invoked RoslynAnalysisRunner static constructor.
RoslynAnalysisRunner will not be running.
RoslynAnalysisRunner has terminated.
Mono: successfully reloaded assembly
- Completed reload, in  0.937 seconds
Platform modules already initialized, skipping
Refreshing native plugins compatible for Editor in 0.36 ms, found 1 plugins.
Preloading 0 native plugins for Editor in 0.00 ms.
Unloading 1803 Unused Serialized files (Serialized files now loaded: 0)
System memory in use before: 90.3 MB.
System memory in use after: 90.3 MB.

Unloading 12 unused Assets to reduce memory usage. Loaded Objects now: 2274.
Total: 2.101500 ms (FindLiveObjects: 0.240000 ms CreateObjectMapping: 0.108900 ms MarkObjects: 1.606600 ms  DeleteObjects: 0.145000 ms)

========================================================================
Received Import Request.
  Time since last request: 541.780918 seconds.
  path: Assets/01.Scripts/PlayerScript.cs
  artifactKey: Guid(4b3941c29553ccb48a760cdc74ee04de) Importer(815301076,1909f56bfc062723c751e8b465ee728b)
Start importing Assets/01.Scripts/PlayerScript.cs using Guid(4b3941c29553ccb48a760cdc74ee04de) Importer(815301076,1909f56bfc062723c751e8b465ee728b)  -> (artifact id: '9b69d7f123bedee114e84cf634d60ce9') in 0.006828 seconds
  Import took 0.010169 seconds .

========================================================================
Received Prepare
Registering precompiled user dll's ...
Registered in 0.002212 seconds.
Begin MonoManager ReloadAssembly
Native extension for WindowsStandalone target not found
Native extension for WebGL target not found
Refreshing native plugins compatible for Editor in 0.56 ms, found 1 plugins.
Preloading 0 native plugins for Editor in 0.00 ms.
Invoked RoslynAnalysisRunner static constructor.
RoslynAnalysisRunner will not be running.
RoslynAnalysisRunner has terminated.
Mono: successfully reloaded assembly
- Completed reload, in  0.990 seconds
Platform modules already initialized, skipping
Refreshing native plugins compatible for Editor in 0.57 ms, found 1 plugins.
Preloading 0 native plugins for Editor in 0.00 ms.
Unloading 1803 Unused Serialized files (Serialized files now loaded: 0)
System memory in use before: 90.3 MB.
System memory in use after: 90.3 MB.

Unloading 12 unused Assets to reduce memory usage. Loaded Objects now: 2278.
Total: 2.121200 ms (FindLiveObjects: 0.325000 ms CreateObjectMapping: 0.093800 ms MarkObjects: 1.560600 ms  DeleteObjects: 0.140600 ms)

========================================================================
Received Prepare
Registering precompiled user dll's ...
Registered in 0.001399 seconds.
Begin MonoManager ReloadAssembly
Native extension for WindowsStandalone target not found
Native extension for WebGL target not found
Refreshing native plugins compatible for Editor in 0.33 ms, found 1 plugins.
Preloading 0 native plugins for Editor in 0.00 ms.
Invoked RoslynAnalysisRunner static constructor.
RoslynAnalysisRunner will not be running.
RoslynAnalysisRunner has terminated.
Mono: successfully reloaded assembly
- Completed reload, in  0.965 seconds
Platform modules already initialized, skipping
Refreshing native plugins compatible for Editor in 0.46 ms, found 1 plugins.
Preloading 0 native plugins for Editor in 0.00 ms.
Unloading 1803 Unused Serialized files (Serialized files now loaded: 0)
System memory in use before: 90.4 MB.
System memory in use after: 90.3 MB.

Unloading 12 unused Assets to reduce memory usage. Loaded Objects now: 2282.
Total: 2.057500 ms (FindLiveObjects: 0.259800 ms CreateObjectMapping: 0.128600 ms MarkObjects: 1.574300 ms  DeleteObjects: 0.093800 ms)

========================================================================
Received Import Request.
  Time since last request: 29.592942 seconds.
  path: Assets/01.Scripts/BallScript.cs
  artifactKey: Guid(ed4d50e93f2578b48a861b5ebb0b5cb7) Importer(815301076,1909f56bfc062723c751e8b465ee728b)
Start importing Assets/01.Scripts/BallScript.cs using Guid(ed4d50e93f2578b48a861b5ebb0b5cb7) Importer(815301076,1909f56bfc062723c751e8b465ee728b)  -> (artifact id: 'bf530c7eafcc28fff7659285c47eed5c') in 0.006638 seconds
  Import took 0.047609 seconds .

========================================================================
Received Prepare
Registering precompiled user dll's ...
Registered in 0.000850 seconds.
Begin MonoManager ReloadAssembly
Native extension for WindowsStandalone target not found
Native extension for WebGL target not found
Refreshing native plugins compatible for Editor in 0.31 ms, found 1 plugins.
Preloading 0 native plugins for Editor in 0.00 ms.
Invoked RoslynAnalysisRunner static constructor.
RoslynAnalysisRunner will not be running.
RoslynAnalysisRunner has terminated.
Mono: successfully reloaded assembly
- Completed reload, in  0.899 seconds
Platform modules already initialized, skipping
Refreshing native plugins compatible for Editor in 0.32 ms, found 1 plugins.
Preloading 0 native plugins for Editor in 0.00 ms.
Unloading 1804 Unused Serialized files (Serialized files now loaded: 0)
System memory in use before: 90.4 MB.
System memory in use after: 90.4 MB.

Unloading 12 unused Assets to reduce memory usage. Loaded Objects now: 2287.
Total: 2.320600 ms (FindLiveObjects: 0.246100 ms CreateObjectMapping: 0.124600 ms MarkObjects: 1.799800 ms  DeleteObjects: 0.149200 ms)

========================================================================
Received Import Request.
  Time since last request: 11.466928 seconds.
  path: Assets/03.Prefabs
  artifactKey: Guid(3209f766d1c91c644ad62a981cc24d4f) Importer(815301076,1909f56bfc062723c751e8b465ee728b)
Start importing Assets/03.Prefabs using Guid(3209f766d1c91c644ad62a981cc24d4f) Importer(815301076,1909f56bfc062723c751e8b465ee728b)  -> (artifact id: 'c34ca7df269c440ef8f6ed9af7685e0b') in 0.008494 seconds
  Import took 0.039792 seconds .

========================================================================
Received Import Request.
  Time since last request: 2.618766 seconds.
  path: Assets/03.Prefabs/ball.prefab
  artifactKey: Guid(d8af11d0eea11d949981b5586070ae0e) Importer(815301076,1909f56bfc062723c751e8b465ee728b)
Start importing Assets/03.Prefabs/ball.prefab using Guid(d8af11d0eea11d949981b5586070ae0e) Importer(815301076,1909f56bfc062723c751e8b465ee728b)  -> (artifact id: '5cd330b43b5a4d9452f48ac063afe3ae') in 0.068233 seconds
  Import took 0.078003 seconds .

========================================================================
Received Prepare
Registering precompiled user dll's ...
Registered in 0.001725 seconds.
Begin MonoManager ReloadAssembly
Native extension for WindowsStandalone target not found
Native extension for WebGL target not found
Refreshing native plugins compatible for Editor in 0.41 ms, found 1 plugins.
Preloading 0 native plugins for Editor in 0.00 ms.
Invoked RoslynAnalysisRunner static constructor.
RoslynAnalysisRunner will not be running.
RoslynAnalysisRunner has terminated.
Mono: successfully reloaded assembly
- Completed reload, in  1.034 seconds
Platform modules already initialized, skipping
Refreshing native plugins compatible for Editor in 0.32 ms, found 1 plugins.
Preloading 0 native plugins for Editor in 0.00 ms.
Unloading 1804 Unused Serialized files (Serialized files now loaded: 0)
System memory in use before: 90.4 MB.
System memory in use after: 90.4 MB.

Unloading 12 unused Assets to reduce memory usage. Loaded Objects now: 2295.
Total: 2.225900 ms (FindLiveObjects: 0.265700 ms CreateObjectMapping: 0.092800 ms MarkObjects: 1.767000 ms  DeleteObjects: 0.099500 ms)

========================================================================
Received Prepare
Registering precompiled user dll's ...
Registered in 0.001520 seconds.
Begin MonoManager ReloadAssembly
Native extension for WindowsStandalone target not found
Native extension for WebGL target not found
Refreshing native plugins compatible for Editor in 0.36 ms, found 1 plugins.
Preloading 0 native plugins for Editor in 0.00 ms.
Invoked RoslynAnalysisRunner static constructor.
RoslynAnalysisRunner will not be running.
RoslynAnalysisRunner has terminated.
Mono: successfully reloaded assembly
- Completed reload, in  1.049 seconds
Platform modules already initialized, skipping
Refreshing native plugins compatible for Editor in 0.35 ms, found 1 plugins.
Preloading 0 native plugins for Editor in 0.00 ms.
Unloading 1804 Unused Serialized files (Serialized files now loaded: 0)
System memory in use before: 90.4 MB.
System memory in use after: 90.4 MB.

Unloading 12 unused Assets to reduce memory usage. Loaded Objects now: 2299.
Total: 2.232200 ms (FindLiveObjects: 0.297000 ms CreateObjectMapping: 0.108800 ms MarkObjects: 1.727400 ms  DeleteObjects: 0.098000 ms)

========================================================================
Received Prepare
Registering precompiled user dll's ...
Registered in 0.000933 seconds.
Begin MonoManager ReloadAssembly
Native extension for WindowsStandalone target not found
Native extension for WebGL target not found
Refreshing native plugins compatible for Editor in 0.79 ms, found 1 plugins.
Preloading 0 native plugins for Editor in 0.00 ms.
Invoked RoslynAnalysisRunner static constructor.
RoslynAnalysisRunner will not be running.
RoslynAnalysisRunner has terminated.
Mono: successfully reloaded assembly
- Completed reload, in  1.121 seconds
Platform modules already initialized, skipping
Refreshing native plugins compatible for Editor in 0.50 ms, found 1 plugins.
Preloading 0 native plugins for Editor in 0.00 ms.
Unloading 1804 Unused Serialized files (Serialized files now loaded: 0)
System memory in use before: 90.5 MB.
System memory in use after: 90.4 MB.

Unloading 12 unused Assets to reduce memory usage. Loaded Objects now: 2303.
Total: 2.264100 ms (FindLiveObjects: 0.274400 ms CreateObjectMapping: 0.106500 ms MarkObjects: 1.761600 ms  DeleteObjects: 0.120400 ms)

========================================================================
Received Import Request.
  Time since last request: 98.393899 seconds.
  path: Assets/03.Prefabs/ball.prefab
  artifactKey: Guid(d8af11d0eea11d949981b5586070ae0e) Importer(815301076,1909f56bfc062723c751e8b465ee728b)
Start importing Assets/03.Prefabs/ball.prefab using Guid(d8af11d0eea11d949981b5586070ae0e) Importer(815301076,1909f56bfc062723c751e8b465ee728b)  -> (artifact id: 'a020f736fb9b714c595b630c57311fc8') in 0.064875 seconds
  Import took 0.068653 seconds .

========================================================================
Received Prepare
Registering precompiled user dll's ...
Registered in 0.000963 seconds.
Begin MonoManager ReloadAssembly
Native extension for WindowsStandalone target not found
Native extension for WebGL target not found
Refreshing native plugins compatible for Editor in 0.31 ms, found 1 plugins.
Preloading 0 native plugins for Editor in 0.00 ms.
Invoked RoslynAnalysisRunner static constructor.
RoslynAnalysisRunner will not be running.
RoslynAnalysisRunner has terminated.
Mono: successfully reloaded assembly
- Completed reload, in  0.903 seconds
Platform modules already initialized, skipping
Refreshing native plugins compatible for Editor in 0.34 ms, found 1 plugins.
Preloading 0 native plugins for Editor in 0.00 ms.
Unloading 1804 Unused Serialized files (Serialized files now loaded: 0)
System memory in use before: 90.5 MB.
System memory in use after: 90.5 MB.

Unloading 12 unused Assets to reduce memory usage. Loaded Objects now: 2308.
Total: 2.413800 ms (FindLiveObjects: 0.611100 ms CreateObjectMapping: 0.054300 ms MarkObjects: 1.645100 ms  DeleteObjects: 0.101700 ms)

========================================================================
Received Import Request.
  Time since last request: 75.757108 seconds.
  path: ProjectSettings/TagManager.asset
  artifactKey: Guid(00000000000000003000000000000000) Importer(815301076,1909f56bfc062723c751e8b465ee728b)
Start importing ProjectSettings/TagManager.asset using Guid(00000000000000003000000000000000) Importer(815301076,1909f56bfc062723c751e8b465ee728b)  -> (artifact id: '805fad2e57c96fa8957d9465ea477d84') in 0.021247 seconds
  Import took 0.064654 seconds .

========================================================================
Received Import Request.
  Time since last request: 24.639657 seconds.
  path: Assets/03.Prefabs/ball.prefab
  artifactKey: Guid(d8af11d0eea11d949981b5586070ae0e) Importer(815301076,1909f56bfc062723c751e8b465ee728b)
Start importing Assets/03.Prefabs/ball.prefab using Guid(d8af11d0eea11d949981b5586070ae0e) Importer(815301076,1909f56bfc062723c751e8b465ee728b)  -> (artifact id: 'd71fc385188559a57a5d0024a1b67942') in 0.054100 seconds
  Import took 0.078714 seconds .

========================================================================
Received Import Request.
  Time since last request: 38.261877 seconds.
  path: Assets/01.Scripts/RemoverScript.cs
  artifactKey: Guid(5a72ff95c9f3f9c4098b00c24ebcc7f8) Importer(815301076,1909f56bfc062723c751e8b465ee728b)
Start importing Assets/01.Scripts/RemoverScript.cs using Guid(5a72ff95c9f3f9c4098b00c24ebcc7f8) Importer(815301076,1909f56bfc062723c751e8b465ee728b)  -> (artifact id: 'f9b0efa310a8c0bbc535508d77a6dfd1') in 0.005942 seconds
  Import took 0.009829 seconds .

========================================================================
Received Prepare
Registering precompiled user dll's ...
Registered in 0.000857 seconds.
Begin MonoManager ReloadAssembly
Native extension for WindowsStandalone target not found
Native extension for WebGL target not found
Refreshing native plugins compatible for Editor in 0.31 ms, found 1 plugins.
Preloading 0 native plugins for Editor in 0.00 ms.
Invoked RoslynAnalysisRunner static constructor.
RoslynAnalysisRunner will not be running.
RoslynAnalysisRunner has terminated.
Mono: successfully reloaded assembly
- Completed reload, in  0.956 seconds
Platform modules already initialized, skipping
Refreshing native plugins compatible for Editor in 0.30 ms, found 1 plugins.
Preloading 0 native plugins for Editor in 0.00 ms.
Unloading 1805 Unused Serialized files (Serialized files now loaded: 0)
System memory in use before: 90.5 MB.
System memory in use after: 90.5 MB.

Unloading 13 unused Assets to reduce memory usage. Loaded Objects now: 2314.
Total: 2.410000 ms (FindLiveObjects: 0.239200 ms CreateObjectMapping: 0.077300 ms MarkObjects: 1.949000 ms  DeleteObjects: 0.143800 ms)

========================================================================
Received Prepare
Registering precompiled user dll's ...
Registered in 0.001486 seconds.
Begin MonoManager ReloadAssembly
Native extension for WindowsStandalone target not found
Native extension for WebGL target not found
Refreshing native plugins compatible for Editor in 0.35 ms, found 1 plugins.
Preloading 0 native plugins for Editor in 0.00 ms.
Invoked RoslynAnalysisRunner static constructor.
RoslynAnalysisRunner will not be running.
RoslynAnalysisRunner has terminated.
Mono: successfully reloaded assembly
- Completed reload, in  1.020 seconds
Platform modules already initialized, skipping
Refreshing native plugins compatible for Editor in 0.30 ms, found 1 plugins.
Preloading 0 native plugins for Editor in 0.00 ms.
Unloading 1805 Unused Serialized files (Serialized files now loaded: 0)
System memory in use before: 90.5 MB.
System memory in use after: 90.5 MB.

Unloading 12 unused Assets to reduce memory usage. Loaded Objects now: 2318.
Total: 2.394000 ms (FindLiveObjects: 0.330200 ms CreateObjectMapping: 0.074400 ms MarkObjects: 1.843000 ms  DeleteObjects: 0.144500 ms)

========================================================================
Received Prepare
Registering precompiled user dll's ...
Registered in 0.000965 seconds.
Begin MonoManager ReloadAssembly
Native extension for WindowsStandalone target not found
Native extension for WebGL target not found
Refreshing native plugins compatible for Editor in 0.62 ms, found 1 plugins.
Preloading 0 native plugins for Editor in 0.00 ms.
Invoked RoslynAnalysisRunner static constructor.
RoslynAnalysisRunner will not be running.
RoslynAnalysisRunner has terminated.
Mono: successfully reloaded assembly
- Completed reload, in  0.919 seconds
Platform modules already initialized, skipping
Refreshing native plugins compatible for Editor in 0.33 ms, found 1 plugins.
Preloading 0 native plugins for Editor in 0.00 ms.
Unloading 1805 Unused Serialized files (Serialized files now loaded: 0)
System memory in use before: 90.5 MB.
System memory in use after: 90.5 MB.

Unloading 12 unused Assets to reduce memory usage. Loaded Objects now: 2322.
Total: 2.377800 ms (FindLiveObjects: 0.267900 ms CreateObjectMapping: 0.062300 ms MarkObjects: 1.875000 ms  DeleteObjects: 0.171500 ms)

AssetImportWorkerClient::OnTransportError - code=2 error=End of file
